----------------8<-------------[ START TEST 
        ðŸ’» TEST
./a.out "-1" "2932"         ðŸ”Ž YOUR OUTPUT:
-1$
0$
1$
2$
3$
4$
5$
6$
7$
8$
9$
10$
11$
12$
13$
14$
15$
16$
17$
18$
19$
20$
21$
22$
23$
24$
25$
26$
27$
28$
29$
30$
31$
32$
33$
34$
35$
36$
37$
38$
39$
40$
41$
42$
43$
44$
45$
46$
47$
48$
49$
50$
51$
52$
53$
54$
55$
56$
57$
58$
59$
60$
61$
62$
63$
64$
65$
66$
67$
68$
69$
70$
71$
72$
73$
74$
75$
76$
77$
78$
79$
80$
81$
82$
83$
84$
85$
86$
87$
88$
89$
90$
91$
92$
93$
94$
95$
96$
97$
98$
99$
100$
101$
102$
103$
104$
105$
106$
107$
108$
109$
110$
111$
112$
113$
114$
115$
116$
117$
118$
119$
120$
121$
122$
123$
124$
125$
126$
127$
128$
129$
130$
131$
132$
133$
134$
135$
136$
137$
138$
139$
140$
141$
142$
143$
144$
145$
146$
147$
148$
149$
150$
151$
152$
153$
154$
155$
156$
157$
158$
159$
160$
161$
162$
163$
164$
165$
166$
167$
168$
169$
170$
171$
172$
173$
174$
175$
176$
177$
178$
179$
180$
181$
182$
183$
184$
185$
186$
187$
188$
189$
190$
191$
192$
193$
194$
195$
196$
197$
198$
199$
200$
201$
202$
203$
204$
205$
206$
207$
208$
209$
210$
211$
212$
213$
214$
215$
216$
217$
218$
219$
220$
221$
222$
223$
224$
225$
226$
227$
228$
229$
230$
231$
232$
233$
234$
235$
236$
237$
238$
239$
240$
241$
242$
243$
244$
245$
246$
247$
248$
249$
250$
251$
252$
253$
254$
255$
256$
257$
258$
259$
260$
261$
262$
263$
264$
265$
266$
267$
268$
269$
270$
271$
272$
273$
274$
275$
276$
277$
278$
279$
280$
281$
282$
283$
284$
285$
286$
287$
288$
289$
290$
291$
292$
293$
294$
295$
296$
297$
298$
299$
300$
301$
302$
303$
304$
305$
306$
307$
308$
309$
310$
311$
312$
313$
314$
315$
316$
317$
318$
319$
320$
321$
322$
323$
324$
325$
326$
327$
328$
329$
330$
331$
332$
333$
334$
335$
336$
337$
338$
339$
340$
341$
342$
343$
344$
345$
346$
347$
348$
349$
350$
351$
352$
353$
354$
355$
356$
357$
358$
359$
360$
361$
362$
363$
364$
365$
366$
367$
368$
369$
370$
371$
372$
373$
374$
375$
376$
377$
378$
379$
380$
381$
382$
383$
384$
385$
386$
387$
388$
389$
390$
391$
392$
393$
394$
395$
396$
397$
398$
399$
400$
401$
402$
403$
404$
405$
406$
407$
408$
409$
410$
411$
412$
413$
414$
415$
416$
417$
418$
419$
420$
421$
422$
423$
424$
425$
426$
427$
428$
429$
430$
431$
432$
433$
434$
435$
436$
437$
438$
439$
440$
441$
442$
443$
444$
445$
446$
447$
448$
449$
450$
451$
452$
453$
454$
455$
456$
457$
458$
459$
460$
461$
462$
463$
464$
465$
466$
467$
468$
469$
470$
471$
472$
473$
474$
475$
476$
477$
478$
479$
480$
481$
482$
483$
484$
485$
486$
487$
488$
489$
490$
491$
492$
493$
494$
495$
496$
497$
498$
499$
500$
501$
502$
503$
504$
505$
506$
507$
508$
509$
510$
511$
512$
513$
514$
515$
516$
517$
518$
519$
520$
521$
522$
523$
524$
525$
526$
527$
528$
529$
530$
531$
532$
533$
534$
535$
536$
537$
538$
539$
540$
541$
542$
543$
544$
545$
546$
547$
548$
549$
550$
551$
552$
553$
554$
555$
556$
557$
558$
559$
560$
561$
562$
563$
564$
565$
566$
567$
568$
569$
570$
571$
572$
573$
574$
575$
576$
577$
578$
579$
580$
581$
582$
583$
584$
585$
586$
587$
588$
589$
590$
591$
592$
593$
594$
595$
596$
597$
598$
599$
600$
601$
602$
603$
604$
605$
606$
607$
608$
609$
610$
611$
612$
613$
614$
615$
616$
617$
618$
619$
620$
621$
622$
623$
624$
625$
626$
627$
628$
629$
630$
631$
632$
633$
634$
635$
636$
637$
638$
639$
640$
641$
642$
643$
644$
645$
646$
647$
648$
649$
650$
651$
652$
653$
654$
655$
656$
657$
658$
659$
660$
661$
662$
663$
664$
665$
666$
667$
668$
669$
670$
671$
672$
673$
674$
675$
676$
677$
678$
679$
680$
681$
682$
683$
684$
685$
686$
687$
688$
689$
690$
691$
692$
693$
694$
695$
696$
697$
698$
699$
700$
701$
702$
703$
704$
705$
706$
707$
708$
709$
710$
711$
712$
713$
714$
715$
716$
717$
718$
719$
720$
721$
722$
723$
724$
725$
726$
727$
728$
729$
730$
731$
732$
733$
734$
735$
736$
737$
738$
739$
740$
741$
742$
743$
744$
745$
746$
747$
748$
749$
750$
751$
752$
753$
754$
755$
756$
757$
758$
759$
760$
761$
762$
763$
764$
765$
766$
805974317$
839528714$
873083658$
906638602$
940193546$
822753546$
825297456$
171061514$
822752049$
892406324$
171323658$
822753073$
959515192$
170930698$
839528754$
858917426$
171192842$
839529778$
926026294$
171454986$
856308018$
825428528$
171062026$
856306483$
892537396$
171324170$
856307507$
959646264$
170931210$
873083188$
859048498$
171193354$
873084212$
926157366$
171455498$
889862452$
825559600$
171062538$
889860917$
892668468$
171324682$
889861941$
959777336$
170931722$
906637622$
859179570$
171193866$
906638646$
926288438$
171456010$
923416886$
825690672$
171063050$
923415351$
892799540$
171325194$
923416375$
959908408$
170932234$
940192056$
859310642$
171194378$
940193080$
926419510$
171456522$
956971320$
825821744$
171063562$
956969785$
892930612$
171325706$
956970809$
960039480$
808464650$
825241866$
842019082$
858796298$
875573514$
892350730$
909127946$
925905162$
942682378$
959459594$
808530186$
825307402$
842084618$
858861834$
875639050$
892416266$
909193482$
925970698$
942747914$
959525130$
808595722$
825372938$
842150154$
858927370$
875704586$
892481802$
909259018$
926036234$
942813450$
959590666$
808661258$
825438474$
842215690$
858992906$
875770122$
892547338$
909324554$
926101770$
942878986$
959656202$
808726794$
825504010$
842281226$
859058442$
875835658$
892612874$
909390090$
926167306$
942944522$
959721738$
808792330$
825569546$
842346762$
859123978$
875901194$
892678410$
909455626$
926232842$
943010058$
959787274$
808857866$
825635082$
842412298$
859189514$
875966730$
892743946$
909521162$
926298378$
943075594$
959852810$
808923402$
825700618$
842477834$
859255050$
876032266$
892809482$
909586698$
926363914$
943141130$
959918346$
808988938$
825766154$
842543370$
859320586$
876097802$
892875018$
909652234$
926429450$
943206666$
959983882$
809054474$
825831690$
842608906$
859386122$
876163338$
892940554$
909717770$
926494986$
943272202$
960049418$
808464906$
825242122$
842019338$
858796554$
875573770$
892350986$
909128202$
925905418$
942682634$
959459850$
808530442$
825307658$
842084874$
858862090$
875639306$
892416522$
909193738$
925970954$
942748170$
959525386$
808595978$
825373194$
842150410$
858927626$
875704842$
892482058$
909259274$
926036490$
942813706$
959590922$
808661514$
825438730$
842215946$
858993162$
875770378$
892547594$
909324810$
926102026$
942879242$
959656458$
808727050$
825504266$
842281482$
859058698$
875835914$
892613130$
909390346$
926167562$
942944778$
959721994$
808792586$
825569802$
842347018$
859124234$
875901450$
892678666$
909455882$
926233098$
943010314$
959787530$
808858122$
825635338$
842412554$
859189770$
875966986$
892744202$
909521418$
926298634$
943075850$
959853066$
808923658$
825700874$
842478090$
859255306$
876032522$
892809738$
909586954$
926364170$
943141386$
959918602$
808989194$
825766410$
842543626$
859320842$
876098058$
892875274$
909652490$
926429706$
943206922$
959984138$
809054730$
825831946$
842609162$
859386378$
876163594$
892940810$
909718026$
926495242$
943272458$
960049674$
808465162$
825242378$
842019594$
858796810$
875574026$
892351242$
909128458$
925905674$
942682890$
959460106$
808530698$
825307914$
842085130$
858862346$
875639562$
892416778$
909193994$
925971210$
942748426$
959525642$
808596234$
825373450$
842150666$
858927882$
875705098$
892482314$
909259530$
926036746$
942813962$
959591178$
808661770$
825438986$
842216202$
858993418$
875770634$
892547850$
909325066$
926102282$
942879498$
959656714$
808727306$
825504522$
842281738$
859058954$
875836170$
892613386$
909390602$
926167818$
942945034$
959722250$
808792842$
825570058$
842347274$
859124490$
875901706$
892678922$
909456138$
926233354$
943010570$
959787786$
808858378$
825635594$
842412810$
859190026$
875967242$
892744458$
909521674$
926298890$
943076106$
959853322$
808923914$
825701130$
842478346$
859255562$
876032778$
892809994$
909587210$
926364426$
943141642$
959918858$
808989450$
825766666$
842543882$
859321098$
876098314$
892875530$
909652746$
926429962$
943207178$
959984394$
809054986$
825832202$
842609418$
859386634$
876163850$
892941066$
909718282$
926495498$
943272714$
960049930$
808465418$
825242634$
842019850$
858797066$
875574282$
892351498$
909128714$
925905930$
942683146$
959460362$
808530954$
825308170$
842085386$
858862602$
875639818$
892417034$
909194250$
925971466$
942748682$
959525898$
808596490$
825373706$
842150922$
858928138$
875705354$
892482570$
909259786$
926037002$
942814218$
959591434$
808662026$
825439242$
842216458$
858993674$
875770890$
892548106$
909325322$
926102538$
942879754$
959656970$
808727562$
825504778$
842281994$
859059210$
875836426$
892613642$
909390858$
926168074$
942945290$
959722506$
808793098$
825570314$
842347530$
859124746$
875901962$
892679178$
909456394$
926233610$
943010826$
959788042$
808858634$
825635850$
842413066$
859190282$
875967498$
892744714$
909521930$
926299146$
943076362$
959853578$
808924170$
825701386$
842478602$
859255818$
876033034$
892810250$
909587466$
926364682$
943141898$
959919114$
808989706$
825766922$
842544138$
859321354$
876098570$
892875786$
909653002$
926430218$
943207434$
959984650$
809055242$
825832458$
842609674$
859386890$
876164106$
892941322$
909718538$
926495754$
943272970$
960050186$
808465674$
825242890$
842020106$
858797322$
875574538$
892351754$
909128970$
925906186$
942683402$
959460618$
808531210$
825308426$
842085642$
858862858$
875640074$
892417290$
909194506$
925971722$
942748938$
959526154$
808596746$
825373962$
842151178$
858928394$
875705610$
892482826$
909260042$
926037258$
942814474$
959591690$
808662282$
825439498$
842216714$
858993930$
875771146$
892548362$
909325578$
926102794$
942880010$
959657226$
808727818$
825505034$
842282250$
859059466$
875836682$
892613898$
909391114$
926168330$
942945546$
959722762$
808793354$
825570570$
842347786$
859125002$
875902218$
892679434$
909456650$
926233866$
943011082$
959788298$
808858890$
825636106$
842413322$
859190538$
875967754$
892744970$
909522186$
926299402$
943076618$
959853834$
808924426$
825701642$
842478858$
859256074$
876033290$
892810506$
909587722$
926364938$
943142154$
959919370$
808989962$
825767178$
842544394$
859321610$
876098826$
892876042$
909653258$
926430474$
943207690$
959984906$
809055498$
825832714$
842609930$
859387146$
876164362$
892941578$
909718794$
926496010$
943273226$
960050442$
808465930$
825243146$
842020362$
858797578$
875574794$
892352010$
909129226$
925906442$
942683658$
959460874$
808531466$
825308682$
842085898$
858863114$
875640330$
892417546$
909194762$
925971978$
942749194$
959526410$
808597002$
825374218$
842151434$
858928650$
875705866$
892483082$
909260298$
926037514$
942814730$
959591946$
808662538$
825439754$
842216970$
858994186$
875771402$
892548618$
909325834$
926103050$
942880266$
959657482$
808728074$
825505290$
842282506$
859059722$
875836938$
892614154$
909391370$
926168586$
942945802$
959723018$
808793610$
825570826$
842348042$
859125258$
875902474$
892679690$
909456906$
926234122$
943011338$
959788554$
808859146$
825636362$
842413578$
859190794$
875968010$
892745226$
909522442$
926299658$
943076874$
959854090$
808924682$
825701898$
842479114$
859256330$
876033546$
892810762$
909587978$
926365194$
943142410$
959919626$
808990218$
825767434$
842544650$
859321866$
876099082$
892876298$
909653514$
926430730$
943207946$
959985162$
809055754$
825832970$
842610186$
859387402$
876164618$
892941834$
909719050$
926496266$
943273482$
960050698$
808466186$
825243402$
842020618$
858797834$
875575050$
892352266$
909129482$
925906698$
942683914$
959461130$
808531722$
825308938$
842086154$
858863370$
875640586$
892417802$
909195018$
925972234$
942749450$
959526666$
808597258$
825374474$
842151690$
858928906$
875706122$
892483338$
909260554$
926037770$
942814986$
959592202$
808662794$
825440010$
842217226$
858994442$
875771658$
892548874$
909326090$
926103306$
942880522$
959657738$
808728330$
825505546$
842282762$
859059978$
875837194$
892614410$
909391626$
926168842$
942946058$
959723274$
808793866$
825571082$
842348298$
859125514$
875902730$
892679946$
909457162$
926234378$
943011594$
959788810$
808859402$
825636618$
842413834$
859191050$
875968266$
892745482$
909522698$
892352522$
859060025$
940193585$
842348851$
875640632$
859256842$
909326384$
956971061$
859190832$
842020408$
808728842$
892549425$
940193332$
892809778$
909391155$
892483594$
876034354$
822752821$
909127991$
875640113$
842151946$
808596791$
940194100$
808727097$
875705142$
825700618$
909324851$
940193845$
892809778$
859254835$
959789322$
825569589$
822751801$
859385911$
943273520$
959657994$
926429749$
940192821$
825833525$
909259831$
825700618$
942815537$
940192308$
842348851$
943142713$
909261066$
842412592$
822752313$
892612919$
909654324$
909457418$
808988723$
940193841$
842282290$
942814520$
825700618$
808597040$
940193330$
808662581$
859321398$
842610698$
859255605$
822752825$
842215735$
808923444$
909457418$
892809267$
956970800$
875968821$
875967030$
808923402$
842085177$
940191793$
942682935$
943206707$
959789066$
876098608$
822753337$
959525175$
875901747$
859256842$
842283056$
956969521$
892417586$
909521719$
825700618$
875902260$
940193849$
909654328$
842347570$
892483594$
909718837$
822751280$
909127991$
942880050$
959985674$
959460920$
940193585$
909521465$
943076408$
825700618$
909390387$
940192312$
909654328$
825506097$
959789322$
859256631$
822752819$
859385911$
842151729$
909129994$
909587254$
940192306$
925972789$
808924473$
825700618$
942881073$
956970550$
859190832$
909391416$
909261066$
876099634$
822753331$
892612919$
808529974$
858929418$
943075636$
940193336$
959853874$
842479152$
825700618$
808662576$
956969013$
825504562$
825570101$
842610698$
892942647$
822751284$
842215735$
876163381$
858929418$
859189556$
956970295$
809056565$
942683192$
808923402$
842150713$
956970035$
959524916$
909455410$
959789066$
909127987$
822751796$
959525175$
943141684$
808728842$
808663345$
956969016$
825505330$
808531257$
825700618$
892745012$
956969522$
926496309$
808596273$
892483594$
925971000$
822752308$
909127991$
842413363$
909457674$
926496313$
940193080$
859386425$
842085936$
825700618$
926233139$
956970544$
926496309$
959461424$
808859914$
876163888$
940191800$
909391920$
808793652$
892483594$
942748722$
940193334$
825242164$
842543161$
943011850$
842414391$
940193849$
926233911$
875640115$
842610698$
925906227$
956969011$
842086704$
909392183$
892483850$
825569337$
956969526$
943075892$
943141682$
959789322$
892941620$
940192825$
859125808$
909652272$
892483594$
876032051$
940192304$
942682676$
942749236$
943011850$
942749240$
940192819$
859190583$
808792121$
842610698$
842412340$
956970550$
959527216$
842544179$
892483850$
909129529$
956971065$
876032564$
875641143$
959789322$
825569845$
940191795$
959789104$
842151733$
892483594$
959592243$
940193843$
892416564$
875901232$
943011850$
859255353$
940191799$
808924471$
909653300$
842610698$
942749748$
956969520$
892483888$
942747705$
909261066$
842412848$
956970035$
825766452$
808793139$
959789322$
909130037$
940193334$
909522992$
943010353$
892483594$
876098356$
940192823$
825373236$
809055797$
943011850$
959592761$
940193328$
926364983$
842150192$
842610698$
859255861$
956971059$
842217776$
875902260$
909261066$
925970481$
956969015$
926429748$
909654328$
959789322$
842413366$
940192304$
842479664$
876164918$
892483594$
808726581$
940191793$
942813748$
909259313$
959789066$
876098864$
940192308$
859321655$
943011381$
842610698$
942813494$
956970039$
959658288$
809054256$
909261066$
859256369$
956970544$
876163636$
842151220$
959789322$
925970999$
940193843$
959920176$
808661810$
892483594$
892941877$
940193332$
875770420$
842413878$
959789066$
959656497$
940193847$
809055543$
876163377$
842610698$
876099382$
956969009$
892614960$
909260341$
909261066$
942814002$
956969524$
825242420$
943009840$
959789322$
842479671$
940192823$
892876848$
909522999$
892483594$
808792886$
940192312$
825504308$
943272498$
959789066$
892942385$
940192817$
909718839$
808662838$
842610698$
959657015$
956970548$
842348848$
842412337$
909261066$
859322674$
956971063$
925905716$
876164405$
959789322$
942814520$
940191793$
842610736$
842019891$
892483594$
909127735$
940193841$
926167604$
875771959$
959789066$
808793394$
940191797$
858797623$
909521458$
842610698$
876163128$
956969528$
943012144$
943273526$
909261066$
959657523$
956970033$
875639604$
808661297$
959789322$
859320633$
940193332$
943274032$
942881080$
892483594$
825636407$
940192821$
875901492$
808923955$
959789066$
892351027$
940193336$
959460919$
842020919$
842610698$
808793912$
956971057$
892746032$
875770418$
909261066$
876163636$
956969013$
808596276$
909522486$
959789322$
942880825$
940192312$
892352816$
876033076$
892483594$
909194040$
940191801$
808858164$
909130040$
959789066$
825636915$
940192306$
909194807$
942879539$
842610698$
892351545$
956970037$
825702704$
808924983$
909261066$
959723828$
956970552$
926036788$
842019378$
808859914$
876164144$
940193841$
909391920$
909130036$
892483594$
825373746$
940192306$
825242164$
942879545$
943011850$
892746039$
940192821$
926233911$
808924979$
842610698$
959460659$
956970552$
842086704$
842019384$
892483850$
875900985$
956971057$
943075892$
875771442$
959789322$
943273268$
940191797$
859125808$
842282032$
892483594$
909586483$
940193845$
942682676$
876034100$
943011850$
808597048$
940191801$
859190583$
909128505$
842610698$
892743988$
956969522$
959527216$
942880563$
892483850$
959461177$
956970037$
876032564$
808923448$
959789322$
859124277$
940193336$
959789104$
943143221$
892483594$
825440051$
940192825$
892416564$
808530992$
943011850$
909587001$
940193330$
808924471$
842283060$
842610698$
808597556$
956971061$
892483888$
876032569$
909261066$
875967280$
956969017$
825766452$
909129523$
959789322$
959461685$
940192306$
909522992$
875640113$
892483594$
926430004$
940191795$
825373236$
909392181$
943011850$
825440569$
940192310$
926364983$
943141680$
842610698$
892810293$
956970041$
842217776$
808532020$
909261066$
808595505$
956970546$
926429748$
842281529$
959789322$
875967798$
940193845$
842479664$
808792119$
892483594$
842281013$
940193334$
942813748$
842544177$
959789066$
909653296$
940193849$
859321655$
875641141$
842610698$
825438518$
956969011$
959658288$
909390640$
909261066$
892810801$
956969526$
876163636$
943142708$
959789322$
959525431$
940192825$
959920176$
909653298$
892483594$
943273525$
940192304$
875770420$
942747703$
959789066$
842281521$
940192819$
809055543$
808793137$
842610698$
909653814$
956970550$
892614960$
842545205$
909261066$
808661810$
956971065$
825242420$
875639600$
959789322$
892811319$
940191795$
892876848$
842150200$
892483594$
859124534$
940193843$
825504308$
875902258$
959789066$
926496817$
940191799$
909718839$
909654326$
842610698$
842282039$
956969520$
842348848$
942748721$
909261066$
909654322$
956970035$
925905716$
808794165$
959789322$
808662328$
940193334$
842610736$
943011379$
892483594$
942682167$
940192823$
926167604$
809054264$
959789066$
859125042$
940193328$
858797623$
842151218$
842610698$
926494776$
956971059$
943012144$
875903286$
909261066$
825505331$
956969015$
875639604$
909652785$
959789322$
909652281$
940192304$
943274032$
876163385$
892483594$
875968055$
940191793$
875901492$
909260339$
959789066$
942682675$
940192308$
959460919$
943009848$
842610698$
842348344$
956970039$
892746032$
809055282$
909261066$
926495284$
956970544$
808596276$
842152246$
959789322$
825505849$
940193843$
892352816$
808662836$
892483594$
959525688$
940193332$
808858164$
842412345$
959789066$
859191347$
940193847$
909194807$
876164403$
842610698$
942683193$
956969009$
825702704$
909258808$
909261066$
842348852$
956969524$
926036788$
943010866$
808859914$
909718576$
940192823$
909391920$
842412341$
892483594$
858928178$
940193847$
825242164$
876164409$
943011850$
943077687$
940191793$
926233911$
909258804$
842610698$
842085683$
956969524$
842086704$
943010872$
892483850$
909455417$
956970039$
943075892$
809056306$
959789322$
825243188$
940193328$
859125808$
943273520$
892483594$
959918131$
940192817$
942682676$
808661301$
943011850$
858928696$
940193332$
859190583$
842413369$
842610698$
926298420$
956971063$
959527216$
876165427$
892483850$
842086201$
956969009$
876032564$
909259832$
959789322$
909455925$
940192308$
959789104$
875770422$
892483594$
875771699$
940191797$
892416564$
909522480$
943011850$
943141433$
940192312$
808924471$
943271989$
842610698$
858929204$
956970033$
892483888$
808662329$
909261066$
926298928$
956970548$
825766452$
842414387$
959789322$
825309493$
940193847$
909522992$
808924977$
892483594$
959984436$
940193336$
825373236$
842019382$
943011850$
875772217$
940193841$
926364983$
875771440$
842610698$
943141941$
956969013$
842217776$
909520949$
909261066$
842149937$
956969528$
926429748$
943273017$
959789322$
926299446$
940192817$
842479664$
909128503$
892483594$
892612661$
940192306$
942813748$
942880561$
959789066$
959984944$
940192821$
859321655$
808923446$
842610698$
858992950$
956970552$
959658288$
842020400$
909261066$
943142449$
956971057$
876163636$
875769909$
959789322$
842150455$
940191797$
959920176$
842283058$
892483594$
808466229$
940193845$
875770420$
876032567$
959789066$
875835953$
940191801$
809055543$
909129521$
842610698$
959985462$
956969522$
892614960$
942879030$
909261066$
858993458$
956970037$
825242420$
808924464$
959789322$
926365751$
940193336$
892876848$
943141688$
892483594$
892678966$
940192825$
825504308$
808532018$
959789066$
808466737$
940193330$
909718839$
842281527$
842610698$
875836471$
956971061$
842348848$
876033585$
909261066$
943208754$
956969017$
925905716$
909127990$
959789322$
858993976$
940192306$
842610736$
875641139$
892483594$
825307191$
940191795$
926167604$
909390648$
959789066$
892679474$
940192310$
858797623$
943142706$
842610698$
960049208$
956970041$
943012144$
808530487$
909261066$
875836979$
956970546$
875639604$
842282545$
959789322$
943206713$
940193845$
943274032$
808793145$
892483594$
909522487$
940193334$
875901492$
842545203$
959789066$
808530483$
940193849$
959460919$
875639608$
842610698$
892679992$
956969011$
892746032$
909391666$
909261066$
960049716$
956969526$
808596276$
943141175$
959789322$
859060281$
940192825$
892352816$
909654324$
892483594$
842150712$
940192304$
808858164$
942748729$
959789066$
909522995$
940192819$
909194807$
808794163$
842610698$
808531001$
956970550$
825702704$
842543672$
909261066$
875903284$
956971065$
926036788$
875640626$
808859914$
960050224$
940191795$
909391920$
942748725$
892483594$
909259826$
940192819$
825242164$
808794169$
943011850$
808925495$
940193334$
926233911$
842543668$
842610698$
875640115$
956971065$
842086704$
875640632$
892483850$
959787065$
956969011$
943075892$
909390131$
959789322$
858797620$
940192310$
859125808$
875903280$
892483594$
825765939$
940191799$
942682676$
909652789$
943011850$
909260344$
940192304$
859190583$
942749753$
842610698$
808923444$
956970035$
959527216$
808792628$
892483850$
875640633$
956970550$
876032564$
842544696$
959789322$
943010357$
940193849$
959789104$
809055286$
892483594$
926103347$
940193328$
892416564$
842152240$
943011850$
825766457$
940193843$
808924471$
875901749$
842610698$
892483636$
956969015$
892483888$
909653817$
909261066$
808923952$
956969520$
825766452$
942748212$
959789322$
875641141$
940192819$
909522992$
909258802$
892483594$
842609460$
940192308$
825373236$
943010870$
943011850$
909326649$
940192823$
926364983$
809056304$
842610698$
825766965$
956970544$
842217776$
842150709$
909261066$
892481585$
956971059$
926429748$
875902777$
959789322$
959853878$
940191799$
842479664$
842413367$
892483594$
926167093$
940193847$
942813748$
876165425$
959789066$
842609968$
940191793$
859321655$
909259830$
842610698$
909324598$
956969524$
959658288$
943011888$
909261066$
808990257$
956970039$
876163636$
809054773$
959789322$
892482103$
940193328$
959920176$
943271987$
892483594$
858797877$
940192817$
875770420$
808662327$
959789066$
926167601$
940193332$
809055543$
842414385$
842610698$
825833270$
956971063$
892614960$
876163894$
909261066$
909325106$
956969009$
825242420$
909260848$
959789322$
808990775$
940192308$
892876848$
875771448$
892483594$
943010614$
940191797$
825504308$
909520947$
959789066$
842021169$
940192312$
909718839$
943273015$
842610698$
926168119$
956970033$
842348848$
808663345$
909261066$
825833778$
956970548$
925905716$
842412854$
959789322$
892548408$
940193847$
842610736$
808923444$
892483594$
858861623$
940193336$
926167604$
842020408$
959789066$
943011122$
940193841$
858797623$
875769907$
842610698$
842019128$
956969013$
943012144$
909521975$
909261066$
909391411$
956969528$
875639604$
943274033$
959789322$
825831737$
940192817$
943274032$
909129529$
892483594$
959854135$
940192306$
875901492$
942879028$
959789066$
858862131$
940192821$
959460919$
808924472$
842610698$
926234424$
956970552$
892746032$
842018867$
909261066$
842019636$
956971057$
808596276$
875770935$
959789322$
909391929$
940191797$
892352816$
842281525$
892483594$
875705144$
940193845$
808858164$
876033593$
959789066$
943077427$
940191801$
909194807$
909127988$
842610698$
858862649$
956969522$
825702704$
942880056$
909261066$
926234932$
956970037$
926036788$
808925490$
808859914$
825242928$
940193336$
909391920$
876033589$
892483594$
942814258$
940191801$
842019380$
909127984$
943011850$
859257143$
940192306$
926233911$
942880052$
842610698$
925971763$
956970037$
842086704$
808925496$
892483850$
825634873$
956970552$
943075892$
842019891$
959789322$
909129268$
940193841$
859125808$
808530481$
892483594$
876097587$
940193330$
942682676$
842282549$
943011850$
942814776$
940193845$
875967799$
876032048$
842610698$
842477876$
956969017$
959527216$
909129012$
892483850$
925972281$
956969522$
876032564$
942881080$
959789322$
825635381$
940192821$
959789104$
909391670$
892483594$
959657779$
940192310$
892416564$
943141169$
943011850$
859320889$
940192825$
808924471$
808531509$
842610698$
942815284$
956970546$
909261104$
842281008$
909261066$
842478384$
956971061$
825766452$
876033076$
959789322$
909195573$
940191801$
909522992$
842543666$
892483594$
876163892$
940193849$
825373236$
875640630$
943011850$
959658297$
940191795$
926364983$
909390129$
842610698$
859321397$
956969526$
842217776$
943142197$
909261066$
926036017$
956970041$
943206964$
808529968$
959789322$
842478902$
940193330$
842479664$
942749751$
892483594$
808792117$
940192819$
942813748$
808792626$
959789066$
876164400$
940193334$
859321655$
842544694$
842610698$
942879030$
956971065$
959658288$
875639089$
909261066$
859321905$
956969011$
876163636$
909391157$
959789322$
926036535$
940192310$
959920176$
875901747$
892483594$
892352309$
940191799$
875770420$
909653815$
959789066$
808792625$
940192304$
809055543$
942748210$
842610698$
876164918$
956970035$
892614960$
808793654$
909261066$
942879538$
956970550$
825242420$
842543153$
959789322$
842545207$
940193849$
892876848$
809056312$
892483594$
825635638$
940193328$
825504308$
842150707$
959789066$
892352817$
940193843$
909718839$
875902775$
842610698$
959722551$
956969015$
842348848$
909652274$
909261066$
876165426$
956969520$
925905716$
942749238$
959789322$
942880056$
940192819$
842610736$
909259828$
892483594$
909193271$
940192308$
926167604$
943011896$
959789066$
808858930$
940192823$
858797623$
809054771$
842610698$
892350776$
956970544$
943012144$
842151735$
909261066$
959723059$
956971059$
875639604$
875901234$
959789322$
859386169$
940191799$
943274032$
842414393$
892483594$
825701943$
940193847$
875901492$
876163892$
959789066$
909193779$
940191793$
959460919$
909260856$
842610698$
808859448$
956969524$
892746032$
943010355$
909261066$
875574068$
956970039$
808596276$
809055799$
959789322$
959723577$
940193328$
892352816$
943273013$
892483594$
926036792$
940192817$
808858164$
808663353$
959789066$
825702451$
940193332$
909194807$
842412852$
842610698$
892417081$
956971063$
825702704$
876164920$
909261066$
        ðŸ— EXPECTED OUTPUT:
-1$
0$
1$
2$
3$
4$
5$
6$
7$
8$
9$
10$
11$
12$
13$
14$
15$
16$
17$
18$
19$
20$
21$
22$
23$
24$
25$
26$
27$
28$
29$
30$
31$
32$
33$
34$
35$
36$
37$
38$
39$
40$
41$
42$
43$
44$
45$
46$
47$
48$
49$
50$
51$
52$
53$
54$
55$
56$
57$
58$
59$
60$
61$
62$
63$
64$
65$
66$
67$
68$
69$
70$
71$
72$
73$
74$
75$
76$
77$
78$
79$
80$
81$
82$
83$
84$
85$
86$
87$
88$
89$
90$
91$
92$
93$
94$
95$
96$
97$
98$
99$
100$
101$
102$
103$
104$
105$
106$
107$
108$
109$
110$
111$
112$
113$
114$
115$
116$
117$
118$
119$
120$
121$
122$
123$
124$
125$
126$
127$
128$
129$
130$
131$
132$
133$
134$
135$
136$
137$
138$
139$
140$
141$
142$
143$
144$
145$
146$
147$
148$
149$
150$
151$
152$
153$
154$
155$
156$
157$
158$
159$
160$
161$
162$
163$
164$
165$
166$
167$
168$
169$
170$
171$
172$
173$
174$
175$
176$
177$
178$
179$
180$
181$
182$
183$
184$
185$
186$
187$
188$
189$
190$
191$
192$
193$
194$
195$
196$
197$
198$
199$
200$
201$
202$
203$
204$
205$
206$
207$
208$
209$
210$
211$
212$
213$
214$
215$
216$
217$
218$
219$
220$
221$
222$
223$
224$
225$
226$
227$
228$
229$
230$
231$
232$
233$
234$
235$
236$
237$
238$
239$
240$
241$
242$
243$
244$
245$
246$
247$
248$
249$
250$
251$
252$
253$
254$
255$
256$
257$
258$
259$
260$
261$
262$
263$
264$
265$
266$
267$
268$
269$
270$
271$
272$
273$
274$
275$
276$
277$
278$
279$
280$
281$
282$
283$
284$
285$
286$
287$
288$
289$
290$
291$
292$
293$
294$
295$
296$
297$
298$
299$
300$
301$
302$
303$
304$
305$
306$
307$
308$
309$
310$
311$
312$
313$
314$
315$
316$
317$
318$
319$
320$
321$
322$
323$
324$
325$
326$
327$
328$
329$
330$
331$
332$
333$
334$
335$
336$
337$
338$
339$
340$
341$
342$
343$
344$
345$
346$
347$
348$
349$
350$
351$
352$
353$
354$
355$
356$
357$
358$
359$
360$
361$
362$
363$
364$
365$
366$
367$
368$
369$
370$
371$
372$
373$
374$
375$
376$
377$
378$
379$
380$
381$
382$
383$
384$
385$
386$
387$
388$
389$
390$
391$
392$
393$
394$
395$
396$
397$
398$
399$
400$
401$
402$
403$
404$
405$
406$
407$
408$
409$
410$
411$
412$
413$
414$
415$
416$
417$
418$
419$
420$
421$
422$
423$
424$
425$
426$
427$
428$
429$
430$
431$
432$
433$
434$
435$
436$
437$
438$
439$
440$
441$
442$
443$
444$
445$
446$
447$
448$
449$
450$
451$
452$
453$
454$
455$
456$
457$
458$
459$
460$
461$
462$
463$
464$
465$
466$
467$
468$
469$
470$
471$
472$
473$
474$
475$
476$
477$
478$
479$
480$
481$
482$
483$
484$
485$
486$
487$
488$
489$
490$
491$
492$
493$
494$
495$
496$
497$
498$
499$
500$
501$
502$
503$
504$
505$
506$
507$
508$
509$
510$
511$
512$
513$
514$
515$
516$
517$
518$
519$
520$
521$
522$
523$
524$
525$
526$
527$
528$
529$
530$
531$
532$
533$
534$
535$
536$
537$
538$
539$
540$
541$
542$
543$
544$
545$
546$
547$
548$
549$
550$
551$
552$
553$
554$
555$
556$
557$
558$
559$
560$
561$
562$
563$
564$
565$
566$
567$
568$
569$
570$
571$
572$
573$
574$
575$
576$
577$
578$
579$
580$
581$
582$
583$
584$
585$
586$
587$
588$
589$
590$
591$
592$
593$
594$
595$
596$
597$
598$
599$
600$
601$
602$
603$
604$
605$
606$
607$
608$
609$
610$
611$
612$
613$
614$
615$
616$
617$
618$
619$
620$
621$
622$
623$
624$
625$
626$
627$
628$
629$
630$
631$
632$
633$
634$
635$
636$
637$
638$
639$
640$
641$
642$
643$
644$
645$
646$
647$
648$
649$
650$
651$
652$
653$
654$
655$
656$
657$
658$
659$
660$
661$
662$
663$
664$
665$
666$
667$
668$
669$
670$
671$
672$
673$
674$
675$
676$
677$
678$
679$
680$
681$
682$
683$
684$
685$
686$
687$
688$
689$
690$
691$
692$
693$
694$
695$
696$
697$
698$
699$
700$
701$
702$
703$
704$
705$
706$
707$
708$
709$
710$
711$
712$
713$
714$
715$
716$
717$
718$
719$
720$
721$
722$
723$
724$
725$
726$
727$
728$
729$
730$
731$
732$
733$
734$
735$
736$
737$
738$
739$
740$
741$
742$
743$
744$
745$
746$
747$
748$
749$
750$
751$
752$
753$
754$
755$
756$
757$
758$
759$
760$
761$
762$
763$
764$
765$
766$
767$
768$
769$
770$
771$
772$
773$
774$
775$
776$
777$
778$
779$
780$
781$
782$
783$
784$
785$
786$
787$
788$
789$
790$
791$
792$
793$
794$
795$
796$
797$
798$
799$
800$
801$
802$
803$
804$
805$
806$
807$
808$
809$
810$
811$
812$
813$
814$
815$
816$
817$
818$
819$
820$
821$
822$
823$
824$
825$
826$
827$
828$
829$
830$
831$
832$
833$
834$
835$
836$
837$
838$
839$
840$
841$
842$
843$
844$
845$
846$
847$
848$
849$
850$
851$
852$
853$
854$
855$
856$
857$
858$
859$
860$
861$
862$
863$
864$
865$
866$
867$
868$
869$
870$
871$
872$
873$
874$
875$
876$
877$
878$
879$
880$
881$
882$
883$
884$
885$
886$
887$
888$
889$
890$
891$
892$
893$
894$
895$
896$
897$
898$
899$
900$
901$
902$
903$
904$
905$
906$
907$
908$
909$
910$
911$
912$
913$
914$
915$
916$
917$
918$
919$
920$
921$
922$
923$
924$
925$
926$
927$
928$
929$
930$
931$
932$
933$
934$
935$
936$
937$
938$
939$
940$
941$
942$
943$
944$
945$
946$
947$
948$
949$
950$
951$
952$
953$
954$
955$
956$
957$
958$
959$
960$
961$
962$
963$
964$
965$
966$
967$
968$
969$
970$
971$
972$
973$
974$
975$
976$
977$
978$
979$
980$
981$
982$
983$
984$
985$
986$
987$
988$
989$
990$
991$
992$
993$
994$
995$
996$
997$
998$
999$
1000$
1001$
1002$
1003$
1004$
1005$
1006$
1007$
1008$
1009$
1010$
1011$
1012$
1013$
1014$
1015$
1016$
1017$
1018$
1019$
1020$
1021$
1022$
1023$
1024$
1025$
1026$
1027$
1028$
1029$
1030$
1031$
1032$
1033$
1034$
1035$
1036$
1037$
1038$
1039$
1040$
1041$
1042$
1043$
1044$
1045$
1046$
1047$
1048$
1049$
1050$
1051$
1052$
1053$
1054$
1055$
1056$
1057$
1058$
1059$
1060$
1061$
1062$
1063$
1064$
1065$
1066$
1067$
1068$
1069$
1070$
1071$
1072$
1073$
1074$
1075$
1076$
1077$
1078$
1079$
1080$
1081$
1082$
1083$
1084$
1085$
1086$
1087$
1088$
1089$
1090$
1091$
1092$
1093$
1094$
1095$
1096$
1097$
1098$
1099$
1100$
1101$
1102$
1103$
1104$
1105$
1106$
1107$
1108$
1109$
1110$
1111$
1112$
1113$
1114$
1115$
1116$
1117$
1118$
1119$
1120$
1121$
1122$
1123$
1124$
1125$
1126$
1127$
1128$
1129$
1130$
1131$
1132$
1133$
1134$
1135$
1136$
1137$
1138$
1139$
1140$
1141$
1142$
1143$
1144$
1145$
1146$
1147$
1148$
1149$
1150$
1151$
1152$
1153$
1154$
1155$
1156$
1157$
1158$
1159$
1160$
1161$
1162$
1163$
1164$
1165$
1166$
1167$
1168$
1169$
1170$
1171$
1172$
1173$
1174$
1175$
1176$
1177$
1178$
1179$
1180$
1181$
1182$
1183$
1184$
1185$
1186$
1187$
1188$
1189$
1190$
1191$
1192$
1193$
1194$
1195$
1196$
1197$
1198$
1199$
1200$
1201$
1202$
1203$
1204$
1205$
1206$
1207$
1208$
1209$
1210$
1211$
1212$
1213$
1214$
1215$
1216$
1217$
1218$
1219$
1220$
1221$
1222$
1223$
1224$
1225$
1226$
1227$
1228$
1229$
1230$
1231$
1232$
1233$
1234$
1235$
1236$
1237$
1238$
1239$
1240$
1241$
1242$
1243$
1244$
1245$
1246$
1247$
1248$
1249$
1250$
1251$
1252$
1253$
1254$
1255$
1256$
1257$
1258$
1259$
1260$
1261$
1262$
1263$
1264$
1265$
1266$
1267$
1268$
1269$
1270$
1271$
1272$
1273$
1274$
1275$
1276$
1277$
1278$
1279$
1280$
1281$
1282$
1283$
1284$
1285$
1286$
1287$
1288$
1289$
1290$
1291$
1292$
1293$
1294$
1295$
1296$
1297$
1298$
1299$
1300$
1301$
1302$
1303$
1304$
1305$
1306$
1307$
1308$
1309$
1310$
1311$
1312$
1313$
1314$
1315$
1316$
1317$
1318$
1319$
1320$
1321$
1322$
1323$
1324$
1325$
1326$
1327$
1328$
1329$
1330$
1331$
1332$
1333$
1334$
1335$
1336$
1337$
1338$
1339$
1340$
1341$
1342$
1343$
1344$
1345$
1346$
1347$
1348$
1349$
1350$
1351$
1352$
1353$
1354$
1355$
1356$
1357$
1358$
1359$
1360$
1361$
1362$
1363$
1364$
1365$
1366$
1367$
1368$
1369$
1370$
1371$
1372$
1373$
1374$
1375$
1376$
1377$
1378$
1379$
1380$
1381$
1382$
1383$
1384$
1385$
1386$
1387$
1388$
1389$
1390$
1391$
1392$
1393$
1394$
1395$
1396$
1397$
1398$
1399$
1400$
1401$
1402$
1403$
1404$
1405$
1406$
1407$
1408$
1409$
1410$
1411$
1412$
1413$
1414$
1415$
1416$
1417$
1418$
1419$
1420$
1421$
1422$
1423$
1424$
1425$
1426$
1427$
1428$
1429$
1430$
1431$
1432$
1433$
1434$
1435$
1436$
1437$
1438$
1439$
1440$
1441$
1442$
1443$
1444$
1445$
1446$
1447$
1448$
1449$
1450$
1451$
1452$
1453$
1454$
1455$
1456$
1457$
1458$
1459$
1460$
1461$
1462$
1463$
1464$
1465$
1466$
1467$
1468$
1469$
1470$
1471$
1472$
1473$
1474$
1475$
1476$
1477$
1478$
1479$
1480$
1481$
1482$
1483$
1484$
1485$
1486$
1487$
1488$
1489$
1490$
1491$
1492$
1493$
1494$
1495$
1496$
1497$
1498$
1499$
1500$
1501$
1502$
1503$
1504$
1505$
1506$
1507$
1508$
1509$
1510$
1511$
1512$
1513$
1514$
1515$
1516$
1517$
1518$
1519$
1520$
1521$
1522$
1523$
1524$
1525$
1526$
1527$
1528$
1529$
1530$
1531$
1532$
1533$
1534$
1535$
1536$
1537$
1538$
1539$
1540$
1541$
1542$
1543$
1544$
1545$
1546$
1547$
1548$
1549$
1550$
1551$
1552$
1553$
1554$
1555$
1556$
1557$
1558$
1559$
1560$
1561$
1562$
1563$
1564$
1565$
1566$
1567$
1568$
1569$
1570$
1571$
1572$
1573$
1574$
1575$
1576$
1577$
1578$
1579$
1580$
1581$
1582$
1583$
1584$
1585$
1586$
1587$
1588$
1589$
1590$
1591$
1592$
1593$
1594$
1595$
1596$
1597$
1598$
1599$
1600$
1601$
1602$
1603$
1604$
1605$
1606$
1607$
1608$
1609$
1610$
1611$
1612$
1613$
1614$
1615$
1616$
1617$
1618$
1619$
1620$
1621$
1622$
1623$
1624$
1625$
1626$
1627$
1628$
1629$
1630$
1631$
1632$
1633$
1634$
1635$
1636$
1637$
1638$
1639$
1640$
1641$
1642$
1643$
1644$
1645$
1646$
1647$
1648$
1649$
1650$
1651$
1652$
1653$
1654$
1655$
1656$
1657$
1658$
1659$
1660$
1661$
1662$
1663$
1664$
1665$
1666$
1667$
1668$
1669$
1670$
1671$
1672$
1673$
1674$
1675$
1676$
1677$
1678$
1679$
1680$
1681$
1682$
1683$
1684$
1685$
1686$
1687$
1688$
1689$
1690$
1691$
1692$
1693$
1694$
1695$
1696$
1697$
1698$
1699$
1700$
1701$
1702$
1703$
1704$
1705$
1706$
1707$
1708$
1709$
1710$
1711$
1712$
1713$
1714$
1715$
1716$
1717$
1718$
1719$
1720$
1721$
1722$
1723$
1724$
1725$
1726$
1727$
1728$
1729$
1730$
1731$
1732$
1733$
1734$
1735$
1736$
1737$
1738$
1739$
1740$
1741$
1742$
1743$
1744$
1745$
1746$
1747$
1748$
1749$
1750$
1751$
1752$
1753$
1754$
1755$
1756$
1757$
1758$
1759$
1760$
1761$
1762$
1763$
1764$
1765$
1766$
1767$
1768$
1769$
1770$
1771$
1772$
1773$
1774$
1775$
1776$
1777$
1778$
1779$
1780$
1781$
1782$
1783$
1784$
1785$
1786$
1787$
1788$
1789$
1790$
1791$
1792$
1793$
1794$
1795$
1796$
1797$
1798$
1799$
1800$
1801$
1802$
1803$
1804$
1805$
1806$
1807$
1808$
1809$
1810$
1811$
1812$
1813$
1814$
1815$
1816$
1817$
1818$
1819$
1820$
1821$
1822$
1823$
1824$
1825$
1826$
1827$
1828$
1829$
1830$
1831$
1832$
1833$
1834$
1835$
1836$
1837$
1838$
1839$
1840$
1841$
1842$
1843$
1844$
1845$
1846$
1847$
1848$
1849$
1850$
1851$
1852$
1853$
1854$
1855$
1856$
1857$
1858$
1859$
1860$
1861$
1862$
1863$
1864$
1865$
1866$
1867$
1868$
1869$
1870$
1871$
1872$
1873$
1874$
1875$
1876$
1877$
1878$
1879$
1880$
1881$
1882$
1883$
1884$
1885$
1886$
1887$
1888$
1889$
1890$
1891$
1892$
1893$
1894$
1895$
1896$
1897$
1898$
1899$
1900$
1901$
1902$
1903$
1904$
1905$
1906$
1907$
1908$
1909$
1910$
1911$
1912$
1913$
1914$
1915$
1916$
1917$
1918$
1919$
1920$
1921$
1922$
1923$
1924$
1925$
1926$
1927$
1928$
1929$
1930$
1931$
1932$
1933$
1934$
1935$
1936$
1937$
1938$
1939$
1940$
1941$
1942$
1943$
1944$
1945$
1946$
1947$
1948$
1949$
1950$
1951$
1952$
1953$
1954$
1955$
1956$
1957$
1958$
1959$
1960$
1961$
1962$
1963$
1964$
1965$
1966$
1967$
1968$
1969$
1970$
1971$
1972$
1973$
1974$
1975$
1976$
1977$
1978$
1979$
1980$
1981$
1982$
1983$
1984$
1985$
1986$
1987$
1988$
1989$
1990$
1991$
1992$
1993$
1994$
1995$
1996$
1997$
1998$
1999$
2000$
2001$
2002$
2003$
2004$
2005$
2006$
2007$
2008$
2009$
2010$
2011$
2012$
2013$
2014$
2015$
2016$
2017$
2018$
2019$
2020$
2021$
2022$
2023$
2024$
2025$
2026$
2027$
2028$
2029$
2030$
2031$
2032$
2033$
2034$
2035$
2036$
2037$
2038$
2039$
2040$
2041$
2042$
2043$
2044$
2045$
2046$
2047$
2048$
2049$
2050$
2051$
2052$
2053$
2054$
2055$
2056$
2057$
2058$
2059$
2060$
2061$
2062$
2063$
2064$
2065$
2066$
2067$
2068$
2069$
2070$
2071$
2072$
2073$
2074$
2075$
2076$
2077$
2078$
2079$
2080$
2081$
2082$
2083$
2084$
2085$
2086$
2087$
2088$
2089$
2090$
2091$
2092$
2093$
2094$
2095$
2096$
2097$
2098$
2099$
2100$
2101$
2102$
2103$
2104$
2105$
2106$
2107$
2108$
2109$
2110$
2111$
2112$
2113$
2114$
2115$
2116$
2117$
2118$
2119$
2120$
2121$
2122$
2123$
2124$
2125$
2126$
2127$
2128$
2129$
2130$
2131$
2132$
2133$
2134$
2135$
2136$
2137$
2138$
2139$
2140$
2141$
2142$
2143$
2144$
2145$
2146$
2147$
2148$
2149$
2150$
2151$
2152$
2153$
2154$
2155$
2156$
2157$
2158$
2159$
2160$
2161$
2162$
2163$
2164$
2165$
2166$
2167$
2168$
2169$
2170$
2171$
2172$
2173$
2174$
2175$
2176$
2177$
2178$
2179$
2180$
2181$
2182$
2183$
2184$
2185$
2186$
2187$
2188$
2189$
2190$
2191$
2192$
2193$
2194$
2195$
2196$
2197$
2198$
2199$
2200$
2201$
2202$
2203$
2204$
2205$
2206$
2207$
2208$
2209$
2210$
2211$
2212$
2213$
2214$
2215$
2216$
2217$
2218$
2219$
2220$
2221$
2222$
2223$
2224$
2225$
2226$
2227$
2228$
2229$
2230$
2231$
2232$
2233$
2234$
2235$
2236$
2237$
2238$
2239$
2240$
2241$
2242$
2243$
2244$
2245$
2246$
2247$
2248$
2249$
2250$
2251$
2252$
2253$
2254$
2255$
2256$
2257$
2258$
2259$
2260$
2261$
2262$
2263$
2264$
2265$
2266$
2267$
2268$
2269$
2270$
2271$
2272$
2273$
2274$
2275$
2276$
2277$
2278$
2279$
2280$
2281$
2282$
2283$
2284$
2285$
2286$
2287$
2288$
2289$
2290$
2291$
2292$
2293$
2294$
2295$
2296$
2297$
2298$
2299$
2300$
2301$
2302$
2303$
2304$
2305$
2306$
2307$
2308$
2309$
2310$
2311$
2312$
2313$
2314$
2315$
2316$
2317$
2318$
2319$
2320$
2321$
2322$
2323$
2324$
2325$
2326$
2327$
2328$
2329$
2330$
2331$
2332$
2333$
2334$
2335$
2336$
2337$
2338$
2339$
2340$
2341$
2342$
2343$
2344$
2345$
2346$
2347$
2348$
2349$
2350$
2351$
2352$
2353$
2354$
2355$
2356$
2357$
2358$
2359$
2360$
2361$
2362$
2363$
2364$
2365$
2366$
2367$
2368$
2369$
2370$
2371$
2372$
2373$
2374$
2375$
2376$
2377$
2378$
2379$
2380$
2381$
2382$
2383$
2384$
2385$
2386$
2387$
2388$
2389$
2390$
2391$
2392$
2393$
2394$
2395$
2396$
2397$
2398$
2399$
2400$
2401$
2402$
2403$
2404$
2405$
2406$
2407$
2408$
2409$
2410$
2411$
2412$
2413$
2414$
2415$
2416$
2417$
2418$
2419$
2420$
2421$
2422$
2423$
2424$
2425$
2426$
2427$
2428$
2429$
2430$
2431$
2432$
2433$
2434$
2435$
2436$
2437$
2438$
2439$
2440$
2441$
2442$
2443$
2444$
2445$
2446$
2447$
2448$
2449$
2450$
2451$
2452$
2453$
2454$
2455$
2456$
2457$
2458$
2459$
2460$
2461$
2462$
2463$
2464$
2465$
2466$
2467$
2468$
2469$
2470$
2471$
2472$
2473$
2474$
2475$
2476$
2477$
2478$
2479$
2480$
2481$
2482$
2483$
2484$
2485$
2486$
2487$
2488$
2489$
2490$
2491$
2492$
2493$
2494$
2495$
2496$
2497$
2498$
2499$
2500$
2501$
2502$
2503$
2504$
2505$
2506$
2507$
2508$
2509$
2510$
2511$
2512$
2513$
2514$
2515$
2516$
2517$
2518$
2519$
2520$
2521$
2522$
2523$
2524$
2525$
2526$
2527$
2528$
2529$
2530$
2531$
2532$
2533$
2534$
2535$
2536$
2537$
2538$
2539$
2540$
2541$
2542$
2543$
2544$
2545$
2546$
2547$
2548$
2549$
2550$
2551$
2552$
2553$
2554$
2555$
2556$
2557$
2558$
2559$
2560$
2561$
2562$
2563$
2564$
2565$
2566$
2567$
2568$
2569$
2570$
2571$
2572$
2573$
2574$
2575$
2576$
2577$
2578$
2579$
2580$
2581$
2582$
2583$
2584$
2585$
2586$
2587$
2588$
2589$
2590$
2591$
2592$
2593$
2594$
2595$
2596$
2597$
2598$
2599$
2600$
2601$
2602$
2603$
2604$
2605$
2606$
2607$
2608$
2609$
2610$
2611$
2612$
2613$
2614$
2615$
2616$
2617$
2618$
2619$
2620$
2621$
2622$
2623$
2624$
2625$
2626$
2627$
2628$
2629$
2630$
2631$
2632$
2633$
2634$
2635$
2636$
2637$
2638$
2639$
2640$
2641$
2642$
2643$
2644$
2645$
2646$
2647$
2648$
2649$
2650$
2651$
2652$
2653$
2654$
2655$
2656$
2657$
2658$
2659$
2660$
2661$
2662$
2663$
2664$
2665$
2666$
2667$
2668$
2669$
2670$
2671$
2672$
2673$
2674$
2675$
2676$
2677$
2678$
2679$
2680$
2681$
2682$
2683$
2684$
2685$
2686$
2687$
2688$
2689$
2690$
2691$
2692$
2693$
2694$
2695$
2696$
2697$
2698$
2699$
2700$
2701$
2702$
2703$
2704$
2705$
2706$
2707$
2708$
2709$
2710$
2711$
2712$
2713$
2714$
2715$
2716$
2717$
2718$
2719$
2720$
2721$
2722$
2723$
2724$
2725$
2726$
2727$
2728$
2729$
2730$
2731$
2732$
2733$
2734$
2735$
2736$
2737$
2738$
2739$
2740$
2741$
2742$
2743$
2744$
2745$
2746$
2747$
2748$
2749$
2750$
2751$
2752$
2753$
2754$
2755$
2756$
2757$
2758$
2759$
2760$
2761$
2762$
2763$
2764$
2765$
2766$
2767$
2768$
2769$
2770$
2771$
2772$
2773$
2774$
2775$
2776$
2777$
2778$
2779$
2780$
2781$
2782$
2783$
2784$
2785$
2786$
2787$
2788$
2789$
2790$
2791$
2792$
2793$
2794$
2795$
2796$
2797$
2798$
2799$
2800$
2801$
2802$
2803$
2804$
2805$
2806$
2807$
2808$
2809$
2810$
2811$
2812$
2813$
2814$
2815$
2816$
2817$
2818$
2819$
2820$
2821$
2822$
2823$
2824$
2825$
2826$
2827$
2828$
2829$
2830$
2831$
2832$
2833$
2834$
2835$
2836$
2837$
2838$
2839$
2840$
2841$
2842$
2843$
2844$
2845$
2846$
2847$
2848$
2849$
2850$
2851$
2852$
2853$
2854$
2855$
2856$
2857$
2858$
2859$
2860$
2861$
2862$
2863$
2864$
2865$
2866$
2867$
2868$
2869$
2870$
2871$
2872$
2873$
2874$
2875$
2876$
2877$
2878$
2879$
2880$
2881$
2882$
2883$
2884$
2885$
2886$
2887$
2888$
2889$
2890$
2891$
2892$
2893$
2894$
2895$
2896$
2897$
2898$
2899$
2900$
2901$
2902$
2903$
2904$
2905$
2906$
2907$
2908$
2909$
2910$
2911$
2912$
2913$
2914$
2915$
2916$
2917$
2918$
2919$
2920$
2921$
2922$
2923$
2924$
2925$
2926$
2927$
2928$
2929$
2930$
2931$
2932$
----------------8<------------- END TEST ]
